<?xml version="1.0" encoding="UTF-8"?>
<!-- Generated by org.testng.reporters.JUnitReportReporter -->
<testsuite hostname="Minal" failures="0" tests="1" name="testNGExecution.LaunchTwitter" time="5.962" errors="0" timestamp="2025-03-05T12:34:15 IST" skipped="0">
  <testcase classname="testNGExecution.LaunchTwitter" name="launchtwitterTC" time="5.962"/>
  <system-out/>
</testsuite> <!-- testNGExecution.LaunchTwitter -->
