<?xml version="1.0" encoding="UTF-8"?>
<!-- Generated by org.testng.reporters.JUnitReportReporter -->
<testsuite hostname="Minal" failures="0" tests="4" name="testNGPackage1.ToUnderstandPriorityAttribute" time="0.024" errors="0" timestamp="2025-03-04T11:03:00 IST" skipped="0">
  <testcase classname="testNGPackage1.ToUnderstandPriorityAttribute" name="register" time="0.016"/>
  <system-out>
    <![CDATA[This is register]]>
  </system-out>
  <testcase classname="testNGPackage1.ToUnderstandPriorityAttribute" name="login" time="0.003"/>
  <system-out>
    <![CDATA[This is login]]>
  </system-out>
  <testcase classname="testNGPackage1.ToUnderstandPriorityAttribute" name="checkAccountBalance" time="0.002"/>
  <system-out>
    <![CDATA[This is checkAccountBalance]]>
  </system-out>
  <testcase classname="testNGPackage1.ToUnderstandPriorityAttribute" name="logOut" time="0.003"/>
  <system-out>
    <![CDATA[This is logOut]]>
  </system-out>
</testsuite> <!-- testNGPackage1.ToUnderstandPriorityAttribute -->
