<?xml version="1.0" encoding="UTF-8"?>
<!-- Generated by org.testng.reporters.JUnitReportReporter -->
<testsuite hostname="Minal" failures="0" tests="1" name="testNGPackage1.ToUnderstandTimeout" time="9.474" errors="0" timestamp="2025-03-05T10:47:23 IST" skipped="0">
  <testcase classname="testNGPackage1.ToUnderstandTimeout" name="launchSelenium" time="9.474"/>
  <system-out/>
</testsuite> <!-- testNGPackage1.ToUnderstandTimeout -->
