<?xml version="1.0" encoding="UTF-8"?>
<!-- Generated by org.testng.reporters.JUnitReportReporter -->
<testsuite hostname="Minal" failures="0" tests="1" name="testNGDataProvider.dataProviderUsingExcel" time="0.000" errors="0" timestamp="2025-03-11T11:14:28 IST" skipped="1">
  <testcase classname="testNGDataProvider.dataProviderUsingExcel" name="invalidLoginTC" time="0.000">
    <skipped/>
  </testcase> <!-- invalidLoginTC -->
  <system-out/>
</testsuite> <!-- testNGDataProvider.dataProviderUsingExcel -->
