<?xml version="1.0" encoding="UTF-8"?>
<!-- Generated by org.testng.reporters.JUnitReportReporter -->
<testsuite hostname="Minal" failures="0" tests="5" name="testNGPackage1.ToUnderstandThreadPoolSize" time="40.320" errors="0" timestamp="2025-03-04T11:27:17 IST" skipped="0">
  <testcase classname="testNGPackage1.ToUnderstandThreadPoolSize" name="launchSelenium" time="4.930"/>
  <system-out/>
  <testcase classname="testNGPackage1.ToUnderstandThreadPoolSize" name="launchSelenium" time="7.399"/>
  <system-out/>
  <testcase classname="testNGPackage1.ToUnderstandThreadPoolSize" name="launchSelenium" time="10.666"/>
  <system-out/>
  <testcase classname="testNGPackage1.ToUnderstandThreadPoolSize" name="launchSelenium" time="10.888"/>
  <system-out/>
  <testcase classname="testNGPackage1.ToUnderstandThreadPoolSize" name="launchSelenium" time="6.437"/>
  <system-out/>
</testsuite> <!-- testNGPackage1.ToUnderstandThreadPoolSize -->
