<?xml version="1.0" encoding="UTF-8"?>
<!-- Generated by org.testng.reporters.JUnitReportReporter -->
<testsuite hostname="Minal" failures="0" tests="5" name="testNGPackage1.ToUnderstandInvocationCount" time="49.255" errors="0" timestamp="2025-03-04T11:19:23 IST" skipped="0">
  <testcase classname="testNGPackage1.ToUnderstandInvocationCount" name="launchSelenium" time="13.926"/>
  <system-out/>
  <testcase classname="testNGPackage1.ToUnderstandInvocationCount" name="launchSelenium" time="5.827"/>
  <system-out/>
  <testcase classname="testNGPackage1.ToUnderstandInvocationCount" name="launchSelenium" time="4.691"/>
  <system-out/>
  <testcase classname="testNGPackage1.ToUnderstandInvocationCount" name="launchSelenium" time="10.979"/>
  <system-out/>
  <testcase classname="testNGPackage1.ToUnderstandInvocationCount" name="launchSelenium" time="13.832"/>
  <system-out/>
</testsuite> <!-- testNGPackage1.ToUnderstandInvocationCount -->
