<?xml version="1.0" encoding="UTF-8"?>
<!-- Generated by org.testng.reporters.JUnitReportReporter -->
<testsuite hostname="Minal" failures="0" tests="3" name="testNGDataProvider.LogInWithDataProvider" time="24.933" errors="0" timestamp="2025-03-10T11:46:54 IST" skipped="0">
  <testcase classname="testNGDataProvider.LogInWithDataProvider" name="invalidLoginTC" time="8.692"/>
  <system-out/>
  <testcase classname="testNGDataProvider.LogInWithDataProvider" name="invalidLoginTC" time="8.031"/>
  <system-out/>
  <testcase classname="testNGDataProvider.LogInWithDataProvider" name="invalidLoginTC" time="8.210"/>
  <system-out/>
</testsuite> <!-- testNGDataProvider.LogInWithDataProvider -->
