<?xml version="1.0" encoding="UTF-8"?>
<!-- Generated by org.testng.reporters.JUnitReportReporter -->
<testsuite hostname="Minal" failures="0" tests="2" name="testNGExecution.LaunchFaceBook" time="12.951" errors="0" timestamp="2025-03-05T11:53:38 IST" skipped="0">
  <testcase classname="testNGExecution.LaunchFaceBook" name="launchfaceBookTC" time="7.517"/>
  <system-out/>
  <testcase classname="testNGExecution.LaunchFaceBook" name="launchfaceBookTC" time="5.434"/>
  <system-out/>
</testsuite> <!-- testNGExecution.LaunchFaceBook -->
