<?xml version="1.0" encoding="UTF-8"?>
<!-- Generated by org.testng.reporters.JUnitReportReporter -->
<testsuite hostname="Minal" failures="0" tests="1" name="testNGExecution.LaunchInstagram" time="5.809" errors="0" timestamp="2025-03-05T12:34:15 IST" skipped="0">
  <testcase classname="testNGExecution.LaunchInstagram" name="launchinstagramTC" time="5.809"/>
  <system-out/>
</testsuite> <!-- testNGExecution.LaunchInstagram -->
