<?xml version="1.0" encoding="UTF-8"?>
<!-- Generated by org.testng.reporters.JUnitReportReporter -->
<testsuite hostname="Minal" failures="0" tests="3" name="testNGAnnotations.ToUnderstandAnnotations" time="0.023" errors="0" timestamp="2025-03-08T12:12:28 IST" skipped="0">
  <testcase classname="testNGAnnotations.ToUnderstandAnnotations" name="test1Method" time="0.005"/>
  <system-out>
    <![CDATA[This is test1Method method]]>
  </system-out>
  <testcase classname="testNGAnnotations.ToUnderstandAnnotations" name="afterTest1" time="0.012"/>
  <system-out>
    <![CDATA[This is afterMethod method]]>
  </system-out>
  <testcase classname="testNGAnnotations.ToUnderstandAnnotations" name="beforeTest1" time="0.006"/>
  <system-out>
    <![CDATA[This is afterMethod method]]>
  </system-out>
</testsuite> <!-- testNGAnnotations.ToUnderstandAnnotations -->
