<?xml version="1.0" encoding="UTF-8"?>
<!-- Generated by org.testng.reporters.JUnitReportReporter -->
<testsuite hostname="Minal" failures="0" tests="2" name="testNGPackage1.ToUnderstandEnable" time="7.241" errors="0" timestamp="2025-03-04T11:41:08 IST" skipped="1">
  <testcase classname="testNGPackage1.ToUnderstandEnable" name="launchSelenium" time="7.241"/>
  <system-out/>
  <testcase classname="testNGPackage1.ToUnderstandEnable" name="launchJavaPoint">
    <skipped/>
  </testcase> <!-- launchJavaPoint -->
  <system-out/>
</testsuite> <!-- testNGPackage1.ToUnderstandEnable -->
